2024-02-21 08:34:45,463 INFO: Начало игры.
2024-02-21 08:34:51,224 INFO: Начало игры.
2024-02-21 08:35:27,796 INFO: Начало игры.
2024-02-21 08:36:37,099 INFO: Начало игры.
2024-02-21 08:36:56,976 INFO: Начало игры.
2024-02-21 08:38:18,144 INFO: Начало игры.
2024-02-21 08:38:27,320 INFO: Загадываем число...
2024-02-21 08:38:27,321 INFO: Попытка 1 из 20.
2024-02-21 08:38:28,702 INFO: Введенное число меньше.
2024-02-21 08:38:28,702 INFO: Попытка 2 из 20.
2024-02-21 08:38:31,839 INFO: Введенное число меньше.
2024-02-21 08:38:31,839 INFO: Попытка 3 из 20.
2024-02-21 08:38:34,594 INFO: Введенное число меньше.
2024-02-21 08:38:34,594 INFO: Попытка 4 из 20.
2024-02-21 08:38:40,902 INFO: Введенное число меньше.
2024-02-21 08:38:40,902 INFO: Попытка 5 из 20.
2024-02-21 08:38:49,407 INFO: Введенное число больше.
2024-02-21 08:38:49,407 INFO: Попытка 6 из 20.
2024-02-21 08:38:52,963 ERROR: Введено некорректное число.
2024-02-21 08:38:56,449 INFO: Начало игры.
2024-02-21 08:38:56,507 INFO: Начало игры.
2024-02-21 08:39:03,155 INFO: Загадываем число...
2024-02-21 08:39:03,155 INFO: Попытка 1 из 10.
2024-02-21 08:39:06,348 ERROR: Введено некорректное число.
2024-02-21 08:39:11,079 ERROR: Введено некорректное число.
2024-02-21 08:39:11,106 ERROR: Введено некорректное число.
2024-02-21 08:39:15,792 INFO: Начало игры.
2024-02-21 08:39:15,833 INFO: Начало игры.
2024-02-21 08:39:21,481 INFO: Загадываем число...
2024-02-21 08:39:21,481 INFO: Попытка 1 из 10.
2024-02-21 08:39:24,777 INFO: Введенное число больше.
2024-02-21 08:39:24,777 INFO: Попытка 2 из 10.
2024-02-21 08:39:27,120 INFO: Введенное число больше.
2024-02-21 08:39:27,120 INFO: Попытка 3 из 10.
2024-02-21 08:39:29,036 INFO: Введенное число меньше.
2024-02-21 08:39:29,036 INFO: Попытка 4 из 10.
2024-02-21 08:39:30,860 INFO: Число угадано!
2024-02-21 08:51:48,779 ERROR: Введено некорректное число.
2024-02-21 08:51:54,563 INFO: Начало игры.
2024-02-21 08:51:54,603 INFO: Начало игры.
2024-02-21 08:52:25,878 INFO: Загадываем число...
2024-02-21 08:52:25,878 INFO: Попытка 1 из 3.
2024-02-21 08:52:30,901 INFO: Введенное число больше.
2024-02-21 08:52:30,901 INFO: Попытка 2 из 3.
2024-02-21 08:52:33,920 INFO: Число угадано!
2024-02-21 08:53:26,692 ERROR: Введено некорректное число.
2024-02-21 08:53:29,770 INFO: Начало игры.
2024-02-21 08:53:29,814 INFO: Начало игры.
2024-02-21 08:53:32,703 INFO: Загадываем число...
2024-02-21 08:53:32,703 INFO: Попытка 1 из 5.
2024-02-21 08:53:36,488 INFO: Введенное число меньше.
2024-02-21 08:53:36,488 INFO: Попытка 2 из 5.
2024-02-21 08:53:37,802 INFO: Введенное число больше.
2024-02-21 08:53:37,802 INFO: Попытка 3 из 5.
2024-02-21 08:53:39,238 INFO: Число угадано!
